{"D:\\MyCode\\jcl-loader\\src\\client\\errors.ts": {"path":"D:\\MyCode\\jcl-loader\\src\\client\\errors.ts","statementMap":{"0":{"start":{"line":7,"column":20},"end":{"line":7,"column":62}},"1":{"start":{"line":8,"column":4},"end":{"line":8,"column":19}},"2":{"start":{"line":9,"column":4},"end":{"line":9,"column":42}},"3":{"start":{"line":10,"column":4},"end":{"line":10,"column":31}}},"fnMap":{"0":{"name":"(anonymous_0)","decl":{"start":{"line":6,"column":2},"end":{"line":6,"column":3}},"loc":{"start":{"line":6,"column":36},"end":{"line":11,"column":3}},"line":6}},"branchMap":{},"s":{"0":0,"1":0,"2":0,"3":0},"f":{"0":0},"b":{},"_coverageSchema":"1a1c01bbd47fc00a2c39e90264f33305004495a9","hash":"2cbba2b7c936c80bc26de976a4bae1ce60076605"}
,"D:\\MyCode\\jcl-loader\\src\\client\\index.ts": {"path":"D:\\MyCode\\jcl-loader\\src\\client\\index.ts","statementMap":{"0":{"start":{"line":8,"column":4},"end":{"line":8,"column":24}},"1":{"start":{"line":12,"column":41},"end":{"line":12,"column":54}},"2":{"start":{"line":13,"column":22},"end":{"line":13,"column":85}},"3":{"start":{"line":13,"column":59},"end":{"line":13,"column":77}},"4":{"start":{"line":15,"column":4},"end":{"line":19,"column":5}},"5":{"start":{"line":16,"column":6},"end":{"line":16,"column":61}},"6":{"start":{"line":18,"column":6},"end":{"line":18,"column":37}},"7":{"start":{"line":20,"column":4},"end":{"line":20,"column":30}},"8":{"start":{"line":28,"column":8},"end":{"line":28,"column":47}},"9":{"start":{"line":29,"column":4},"end":{"line":29,"column":18}},"10":{"start":{"line":37,"column":8},"end":{"line":37,"column":46}},"11":{"start":{"line":38,"column":4},"end":{"line":38,"column":18}},"12":{"start":{"line":46,"column":8},"end":{"line":46,"column":41}},"13":{"start":{"line":47,"column":4},"end":{"line":47,"column":18}},"14":{"start":{"line":55,"column":8},"end":{"line":55,"column":46}},"15":{"start":{"line":56,"column":4},"end":{"line":56,"column":18}},"16":{"start":{"line":64,"column":8},"end":{"line":64,"column":44}},"17":{"start":{"line":65,"column":4},"end":{"line":65,"column":18}},"18":{"start":{"line":73,"column":8},"end":{"line":73,"column":43}},"19":{"start":{"line":74,"column":4},"end":{"line":74,"column":18}},"20":{"start":{"line":82,"column":8},"end":{"line":82,"column":43}},"21":{"start":{"line":83,"column":4},"end":{"line":83,"column":18}},"22":{"start":{"line":91,"column":8},"end":{"line":91,"column":47}},"23":{"start":{"line":92,"column":4},"end":{"line":92,"column":18}},"24":{"start":{"line":100,"column":8},"end":{"line":100,"column":47}},"25":{"start":{"line":101,"column":4},"end":{"line":101,"column":18}},"26":{"start":{"line":109,"column":8},"end":{"line":109,"column":41}},"27":{"start":{"line":110,"column":4},"end":{"line":110,"column":18}},"28":{"start":{"line":118,"column":8},"end":{"line":118,"column":47}},"29":{"start":{"line":119,"column":4},"end":{"line":119,"column":18}},"30":{"start":{"line":127,"column":8},"end":{"line":127,"column":37}},"31":{"start":{"line":128,"column":4},"end":{"line":128,"column":18}},"32":{"start":{"line":136,"column":8},"end":{"line":136,"column":54}},"33":{"start":{"line":137,"column":4},"end":{"line":137,"column":18}},"34":{"start":{"line":145,"column":8},"end":{"line":145,"column":61}},"35":{"start":{"line":146,"column":4},"end":{"line":146,"column":18}},"36":{"start":{"line":154,"column":8},"end":{"line":154,"column":56}},"37":{"start":{"line":155,"column":4},"end":{"line":155,"column":18}},"38":{"start":{"line":163,"column":8},"end":{"line":163,"column":55}},"39":{"start":{"line":164,"column":4},"end":{"line":164,"column":18}},"40":{"start":{"line":172,"column":8},"end":{"line":172,"column":56}},"41":{"start":{"line":173,"column":4},"end":{"line":173,"column":18}},"42":{"start":{"line":181,"column":8},"end":{"line":181,"column":54}},"43":{"start":{"line":182,"column":4},"end":{"line":182,"column":18}},"44":{"start":{"line":190,"column":8},"end":{"line":190,"column":53}},"45":{"start":{"line":191,"column":4},"end":{"line":191,"column":18}},"46":{"start":{"line":199,"column":8},"end":{"line":199,"column":55}},"47":{"start":{"line":200,"column":4},"end":{"line":200,"column":18}},"48":{"start":{"line":208,"column":8},"end":{"line":208,"column":57}},"49":{"start":{"line":209,"column":4},"end":{"line":209,"column":18}},"50":{"start":{"line":217,"column":8},"end":{"line":217,"column":53}},"51":{"start":{"line":218,"column":4},"end":{"line":218,"column":18}}},"fnMap":{"0":{"name":"(anonymous_0)","decl":{"start":{"line":7,"column":2},"end":{"line":7,"column":3}},"loc":{"start":{"line":7,"column":36},"end":{"line":9,"column":3}},"line":7},"1":{"name":"(anonymous_1)","decl":{"start":{"line":11,"column":2},"end":{"line":11,"column":3}},"loc":{"start":{"line":11,"column":67},"end":{"line":21,"column":3}},"line":11},"2":{"name":"(anonymous_2)","decl":{"start":{"line":13,"column":52},"end":{"line":13,"column":53}},"loc":{"start":{"line":13,"column":59},"end":{"line":13,"column":77}},"line":13},"3":{"name":"(anonymous_3)","decl":{"start":{"line":23,"column":2},"end":{"line":23,"column":3}},"loc":{"start":{"line":25,"column":4},"end":{"line":30,"column":3}},"line":25},"4":{"name":"(anonymous_4)","decl":{"start":{"line":32,"column":2},"end":{"line":32,"column":3}},"loc":{"start":{"line":34,"column":4},"end":{"line":39,"column":3}},"line":34},"5":{"name":"(anonymous_5)","decl":{"start":{"line":41,"column":2},"end":{"line":41,"column":3}},"loc":{"start":{"line":43,"column":4},"end":{"line":48,"column":3}},"line":43},"6":{"name":"(anonymous_6)","decl":{"start":{"line":50,"column":2},"end":{"line":50,"column":3}},"loc":{"start":{"line":52,"column":4},"end":{"line":57,"column":3}},"line":52},"7":{"name":"(anonymous_7)","decl":{"start":{"line":59,"column":2},"end":{"line":59,"column":3}},"loc":{"start":{"line":61,"column":4},"end":{"line":66,"column":3}},"line":61},"8":{"name":"(anonymous_8)","decl":{"start":{"line":68,"column":2},"end":{"line":68,"column":3}},"loc":{"start":{"line":70,"column":4},"end":{"line":75,"column":3}},"line":70},"9":{"name":"(anonymous_9)","decl":{"start":{"line":77,"column":2},"end":{"line":77,"column":3}},"loc":{"start":{"line":79,"column":4},"end":{"line":84,"column":3}},"line":79},"10":{"name":"(anonymous_10)","decl":{"start":{"line":86,"column":2},"end":{"line":86,"column":3}},"loc":{"start":{"line":88,"column":4},"end":{"line":93,"column":3}},"line":88},"11":{"name":"(anonymous_11)","decl":{"start":{"line":95,"column":2},"end":{"line":95,"column":3}},"loc":{"start":{"line":97,"column":4},"end":{"line":102,"column":3}},"line":97},"12":{"name":"(anonymous_12)","decl":{"start":{"line":104,"column":2},"end":{"line":104,"column":3}},"loc":{"start":{"line":106,"column":4},"end":{"line":111,"column":3}},"line":106},"13":{"name":"(anonymous_13)","decl":{"start":{"line":113,"column":2},"end":{"line":113,"column":3}},"loc":{"start":{"line":115,"column":4},"end":{"line":120,"column":3}},"line":115},"14":{"name":"(anonymous_14)","decl":{"start":{"line":122,"column":2},"end":{"line":122,"column":3}},"loc":{"start":{"line":124,"column":4},"end":{"line":129,"column":3}},"line":124},"15":{"name":"(anonymous_15)","decl":{"start":{"line":131,"column":2},"end":{"line":131,"column":3}},"loc":{"start":{"line":133,"column":4},"end":{"line":138,"column":3}},"line":133},"16":{"name":"(anonymous_16)","decl":{"start":{"line":140,"column":2},"end":{"line":140,"column":3}},"loc":{"start":{"line":142,"column":4},"end":{"line":147,"column":3}},"line":142},"17":{"name":"(anonymous_17)","decl":{"start":{"line":149,"column":2},"end":{"line":149,"column":3}},"loc":{"start":{"line":151,"column":4},"end":{"line":156,"column":3}},"line":151},"18":{"name":"(anonymous_18)","decl":{"start":{"line":158,"column":2},"end":{"line":158,"column":3}},"loc":{"start":{"line":160,"column":4},"end":{"line":165,"column":3}},"line":160},"19":{"name":"(anonymous_19)","decl":{"start":{"line":167,"column":2},"end":{"line":167,"column":3}},"loc":{"start":{"line":169,"column":4},"end":{"line":174,"column":3}},"line":169},"20":{"name":"(anonymous_20)","decl":{"start":{"line":176,"column":2},"end":{"line":176,"column":3}},"loc":{"start":{"line":178,"column":4},"end":{"line":183,"column":3}},"line":178},"21":{"name":"(anonymous_21)","decl":{"start":{"line":185,"column":2},"end":{"line":185,"column":3}},"loc":{"start":{"line":187,"column":4},"end":{"line":192,"column":3}},"line":187},"22":{"name":"(anonymous_22)","decl":{"start":{"line":194,"column":2},"end":{"line":194,"column":3}},"loc":{"start":{"line":196,"column":4},"end":{"line":201,"column":3}},"line":196},"23":{"name":"(anonymous_23)","decl":{"start":{"line":203,"column":2},"end":{"line":203,"column":3}},"loc":{"start":{"line":205,"column":4},"end":{"line":210,"column":3}},"line":205},"24":{"name":"(anonymous_24)","decl":{"start":{"line":212,"column":2},"end":{"line":212,"column":3}},"loc":{"start":{"line":214,"column":4},"end":{"line":219,"column":3}},"line":214}},"branchMap":{"0":{"loc":{"start":{"line":11,"column":32},"end":{"line":11,"column":57}},"type":"default-arg","locations":[{"start":{"line":11,"column":53},"end":{"line":11,"column":57}}],"line":11},"1":{"loc":{"start":{"line":15,"column":4},"end":{"line":19,"column":5}},"type":"if","locations":[{"start":{"line":15,"column":4},"end":{"line":19,"column":5}},{"start":{"line":17,"column":11},"end":{"line":19,"column":5}}],"line":15}},"s":{"0":1,"1":1,"2":1,"3":46,"4":1,"5":1,"6":0,"7":1,"8":1,"9":1,"10":0,"11":0,"12":0,"13":0,"14":0,"15":0,"16":0,"17":0,"18":0,"19":0,"20":0,"21":0,"22":0,"23":0,"24":0,"25":0,"26":0,"27":0,"28":0,"29":0,"30":0,"31":0,"32":0,"33":0,"34":0,"35":0,"36":0,"37":0,"38":0,"39":0,"40":0,"41":0,"42":0,"43":0,"44":0,"45":0,"46":0,"47":0,"48":0,"49":0,"50":0,"51":0},"f":{"0":1,"1":1,"2":46,"3":1,"4":0,"5":0,"6":0,"7":0,"8":0,"9":0,"10":0,"11":0,"12":0,"13":0,"14":0,"15":0,"16":0,"17":0,"18":0,"19":0,"20":0,"21":0,"22":0,"23":0,"24":0},"b":{"0":[1],"1":[1,0]},"_coverageSchema":"1a1c01bbd47fc00a2c39e90264f33305004495a9","hash":"bd39b70ef425f63193bbe3a68c7e4018ec2a7b1d"}
,"D:\\MyCode\\jcl-loader\\src\\client\\typed.ts": {"path":"D:\\MyCode\\jcl-loader\\src\\client\\typed.ts","statementMap":{},"fnMap":{},"branchMap":{},"s":{},"f":{},"b":{},"_coverageSchema":"1a1c01bbd47fc00a2c39e90264f33305004495a9","hash":"81f364f265492770b06275b7123c1421778d4310"}
,"D:\\MyCode\\jcl-loader\\src\\client\\core\\index.ts": {"path":"D:\\MyCode\\jcl-loader\\src\\client\\core\\index.ts","statementMap":{},"fnMap":{},"branchMap":{},"s":{},"f":{},"b":{},"_coverageSchema":"1a1c01bbd47fc00a2c39e90264f33305004495a9","hash":"eb091cd3451efa4aa9c942faaa688f23dd5c48dd"}
,"D:\\MyCode\\jcl-loader\\src\\client\\core\\loader.ts": {"path":"D:\\MyCode\\jcl-loader\\src\\client\\core\\loader.ts","statementMap":{"0":{"start":{"line":12,"column":6},"end":{"line":12,"column":26}},"1":{"start":{"line":13,"column":31},"end":{"line":20,"column":3}},"2":{"start":{"line":21,"column":2},"end":{"line":21,"column":17}},"3":{"start":{"line":25,"column":38},"end":{"line":25,"column":53}},"4":{"start":{"line":27,"column":37},"end":{"line":27,"column":39}},"5":{"start":{"line":28,"column":2},"end":{"line":31,"column":3}},"6":{"start":{"line":29,"column":33},"end":{"line":29,"column":57}},"7":{"start":{"line":30,"column":4},"end":{"line":30,"column":25}},"8":{"start":{"line":32,"column":2},"end":{"line":32,"column":16}}},"fnMap":{"0":{"name":"loadRawLine","decl":{"start":{"line":4,"column":9},"end":{"line":4,"column":20}},"loc":{"start":{"line":4,"column":52},"end":{"line":22,"column":1}},"line":4},"1":{"name":"loadRaw","decl":{"start":{"line":24,"column":16},"end":{"line":24,"column":23}},"loc":{"start":{"line":24,"column":57},"end":{"line":33,"column":1}},"line":24}},"branchMap":{},"s":{"0":3508,"1":3508,"2":3508,"3":4,"4":4,"5":4,"6":3508,"7":3508,"8":4},"f":{"0":3508,"1":4},"b":{},"_coverageSchema":"1a1c01bbd47fc00a2c39e90264f33305004495a9","hash":"773f5e59a410cd080777be66a6664f168c856e44"}
,"D:\\MyCode\\jcl-loader\\src\\client\\core\\parser.ts": {"path":"D:\\MyCode\\jcl-loader\\src\\client\\core\\parser.ts","statementMap":{"0":{"start":{"line":9,"column":23},"end":{"line":12,"column":3}},"1":{"start":{"line":14,"column":13},"end":{"line":14,"column":15}},"2":{"start":{"line":15,"column":2},"end":{"line":210,"column":3}},"3":{"start":{"line":17,"column":6},"end":{"line":22,"column":8}},"4":{"start":{"line":23,"column":6},"end":{"line":23,"column":12}},"5":{"start":{"line":25,"column":6},"end":{"line":27,"column":8}},"6":{"start":{"line":28,"column":6},"end":{"line":28,"column":12}},"7":{"start":{"line":30,"column":6},"end":{"line":32,"column":8}},"8":{"start":{"line":33,"column":6},"end":{"line":33,"column":12}},"9":{"start":{"line":35,"column":6},"end":{"line":53,"column":8}},"10":{"start":{"line":45,"column":22},"end":{"line":49,"column":13}},"11":{"start":{"line":54,"column":6},"end":{"line":54,"column":12}},"12":{"start":{"line":56,"column":6},"end":{"line":63,"column":8}},"13":{"start":{"line":64,"column":6},"end":{"line":64,"column":12}},"14":{"start":{"line":66,"column":6},"end":{"line":68,"column":8}},"15":{"start":{"line":69,"column":6},"end":{"line":69,"column":12}},"16":{"start":{"line":71,"column":6},"end":{"line":73,"column":8}},"17":{"start":{"line":74,"column":6},"end":{"line":74,"column":12}},"18":{"start":{"line":76,"column":6},"end":{"line":83,"column":8}},"19":{"start":{"line":84,"column":6},"end":{"line":84,"column":12}},"20":{"start":{"line":86,"column":6},"end":{"line":88,"column":8}},"21":{"start":{"line":89,"column":6},"end":{"line":89,"column":12}},"22":{"start":{"line":91,"column":6},"end":{"line":93,"column":8}},"23":{"start":{"line":94,"column":6},"end":{"line":94,"column":12}},"24":{"start":{"line":96,"column":6},"end":{"line":108,"column":8}},"25":{"start":{"line":109,"column":6},"end":{"line":109,"column":12}},"26":{"start":{"line":111,"column":6},"end":{"line":114,"column":8}},"27":{"start":{"line":115,"column":6},"end":{"line":115,"column":12}},"28":{"start":{"line":117,"column":6},"end":{"line":120,"column":8}},"29":{"start":{"line":121,"column":6},"end":{"line":121,"column":12}},"30":{"start":{"line":123,"column":6},"end":{"line":127,"column":8}},"31":{"start":{"line":128,"column":6},"end":{"line":128,"column":12}},"32":{"start":{"line":130,"column":6},"end":{"line":135,"column":8}},"33":{"start":{"line":136,"column":6},"end":{"line":136,"column":12}},"34":{"start":{"line":138,"column":6},"end":{"line":148,"column":8}},"35":{"start":{"line":149,"column":6},"end":{"line":149,"column":12}},"36":{"start":{"line":151,"column":6},"end":{"line":158,"column":8}},"37":{"start":{"line":159,"column":6},"end":{"line":159,"column":12}},"38":{"start":{"line":161,"column":6},"end":{"line":167,"column":8}},"39":{"start":{"line":168,"column":6},"end":{"line":168,"column":12}},"40":{"start":{"line":170,"column":6},"end":{"line":176,"column":8}},"41":{"start":{"line":177,"column":6},"end":{"line":177,"column":12}},"42":{"start":{"line":179,"column":6},"end":{"line":185,"column":8}},"43":{"start":{"line":186,"column":6},"end":{"line":186,"column":12}},"44":{"start":{"line":188,"column":6},"end":{"line":194,"column":8}},"45":{"start":{"line":195,"column":6},"end":{"line":195,"column":12}},"46":{"start":{"line":197,"column":6},"end":{"line":200,"column":8}},"47":{"start":{"line":201,"column":6},"end":{"line":201,"column":12}},"48":{"start":{"line":203,"column":6},"end":{"line":206,"column":8}},"49":{"start":{"line":207,"column":6},"end":{"line":207,"column":12}},"50":{"start":{"line":209,"column":6},"end":{"line":209,"column":51}},"51":{"start":{"line":211,"column":2},"end":{"line":211,"column":14}},"52":{"start":{"line":217,"column":20},"end":{"line":217,"column":28}},"53":{"start":{"line":221,"column":42},"end":{"line":243,"column":7}},"54":{"start":{"line":222,"column":25},"end":{"line":222,"column":56}},"55":{"start":{"line":232,"column":14},"end":{"line":232,"column":21}},"56":{"start":{"line":234,"column":10},"end":{"line":241,"column":11}},"57":{"start":{"line":245,"column":4},"end":{"line":245,"column":25}},"58":{"start":{"line":247,"column":2},"end":{"line":247,"column":16}},"59":{"start":{"line":251,"column":43},"end":{"line":251,"column":64}},"60":{"start":{"line":252,"column":17},"end":{"line":252,"column":39}},"61":{"start":{"line":256,"column":4},"end":{"line":261,"column":5}},"62":{"start":{"line":257,"column":40},"end":{"line":257,"column":61}},"63":{"start":{"line":258,"column":6},"end":{"line":258,"column":31}},"64":{"start":{"line":259,"column":6},"end":{"line":259,"column":35}},"65":{"start":{"line":260,"column":6},"end":{"line":260,"column":19}},"66":{"start":{"line":263,"column":38},"end":{"line":263,"column":58}},"67":{"start":{"line":264,"column":4},"end":{"line":264,"column":33}},"68":{"start":{"line":266,"column":4},"end":{"line":266,"column":17}},"69":{"start":{"line":269,"column":2},"end":{"line":269,"column":28}}},"fnMap":{"0":{"name":"parseLuadata","decl":{"start":{"line":7,"column":9},"end":{"line":7,"column":21}},"loc":{"start":{"line":7,"column":64},"end":{"line":212,"column":1}},"line":7},"1":{"name":"(anonymous_1)","decl":{"start":{"line":45,"column":12},"end":{"line":45,"column":13}},"loc":{"start":{"line":45,"column":22},"end":{"line":49,"column":13}},"line":45},"2":{"name":"createParser","decl":{"start":{"line":216,"column":16},"end":{"line":216,"column":28}},"loc":{"start":{"line":216,"column":73},"end":{"line":248,"column":1}},"line":216},"3":{"name":"filter","decl":{"start":{"line":219,"column":11},"end":{"line":219,"column":17}},"loc":{"start":{"line":219,"column":63},"end":{"line":246,"column":3}},"line":219},"4":{"name":"(anonymous_4)","decl":{"start":{"line":222,"column":14},"end":{"line":222,"column":15}},"loc":{"start":{"line":222,"column":25},"end":{"line":222,"column":56}},"line":222},"5":{"name":"(anonymous_5)","decl":{"start":{"line":224,"column":8},"end":{"line":224,"column":9}},"loc":{"start":{"line":224,"column":19},"end":{"line":242,"column":9}},"line":224},"6":{"name":"createParserWithLruCache","decl":{"start":{"line":250,"column":16},"end":{"line":250,"column":40}},"loc":{"start":{"line":250,"column":98},"end":{"line":270,"column":1}},"line":250},"7":{"name":"filterWithLruCache","decl":{"start":{"line":254,"column":11},"end":{"line":254,"column":29}},"loc":{"start":{"line":254,"column":75},"end":{"line":267,"column":3}},"line":254}},"branchMap":{"0":{"loc":{"start":{"line":15,"column":2},"end":{"line":210,"column":3}},"type":"switch","locations":[{"start":{"line":16,"column":4},"end":{"line":23,"column":12}},{"start":{"line":24,"column":4},"end":{"line":28,"column":12}},{"start":{"line":29,"column":4},"end":{"line":33,"column":12}},{"start":{"line":34,"column":4},"end":{"line":54,"column":12}},{"start":{"line":55,"column":4},"end":{"line":64,"column":12}},{"start":{"line":65,"column":4},"end":{"line":69,"column":12}},{"start":{"line":70,"column":4},"end":{"line":74,"column":12}},{"start":{"line":75,"column":4},"end":{"line":84,"column":12}},{"start":{"line":85,"column":4},"end":{"line":89,"column":12}},{"start":{"line":90,"column":4},"end":{"line":94,"column":12}},{"start":{"line":95,"column":4},"end":{"line":109,"column":12}},{"start":{"line":110,"column":4},"end":{"line":115,"column":12}},{"start":{"line":116,"column":4},"end":{"line":121,"column":12}},{"start":{"line":122,"column":4},"end":{"line":128,"column":12}},{"start":{"line":129,"column":4},"end":{"line":136,"column":12}},{"start":{"line":137,"column":4},"end":{"line":149,"column":12}},{"start":{"line":150,"column":4},"end":{"line":159,"column":12}},{"start":{"line":160,"column":4},"end":{"line":168,"column":12}},{"start":{"line":169,"column":4},"end":{"line":177,"column":12}},{"start":{"line":178,"column":4},"end":{"line":186,"column":12}},{"start":{"line":187,"column":4},"end":{"line":195,"column":12}},{"start":{"line":196,"column":4},"end":{"line":201,"column":12}},{"start":{"line":202,"column":4},"end":{"line":207,"column":12}},{"start":{"line":208,"column":4},"end":{"line":209,"column":51}}],"line":15},"1":{"loc":{"start":{"line":42,"column":17},"end":{"line":50,"column":18}},"type":"cond-expr","locations":[{"start":{"line":43,"column":12},"end":{"line":50,"column":11}},{"start":{"line":50,"column":14},"end":{"line":50,"column":18}}],"line":42},"2":{"loc":{"start":{"line":51,"column":16},"end":{"line":51,"column":55}},"type":"cond-expr","locations":[{"start":{"line":51,"column":38},"end":{"line":51,"column":48}},{"start":{"line":51,"column":51},"end":{"line":51,"column":55}}],"line":51},"3":{"loc":{"start":{"line":52,"column":11},"end":{"line":52,"column":50}},"type":"cond-expr","locations":[{"start":{"line":52,"column":33},"end":{"line":52,"column":43}},{"start":{"line":52,"column":46},"end":{"line":52,"column":50}}],"line":52},"4":{"loc":{"start":{"line":256,"column":4},"end":{"line":261,"column":5}},"type":"if","locations":[{"start":{"line":256,"column":4},"end":{"line":261,"column":5}},{"start":{},"end":{}}],"line":256}},"s":{"0":6,"1":6,"2":6,"3":0,"4":0,"5":4,"6":4,"7":0,"8":0,"9":0,"10":0,"11":0,"12":0,"13":0,"14":0,"15":0,"16":0,"17":0,"18":0,"19":0,"20":0,"21":0,"22":0,"23":0,"24":0,"25":0,"26":0,"27":0,"28":0,"29":0,"30":0,"31":0,"32":0,"33":0,"34":2,"35":2,"36":0,"37":0,"38":0,"39":0,"40":0,"41":0,"42":0,"43":0,"44":0,"45":0,"46":0,"47":0,"48":0,"49":0,"50":0,"51":6,"52":3,"53":3,"54":3507,"55":6,"56":6,"57":3,"58":3,"59":2,"60":2,"61":2,"62":0,"63":0,"64":0,"65":0,"66":2,"67":2,"68":2,"69":2},"f":{"0":6,"1":0,"2":3,"3":3,"4":3507,"5":6,"6":2,"7":2},"b":{"0":[0,4,0,0,0,0,0,0,0,0,0,0,0,0,0,2,0,0,0,0,0,0,0,0],"1":[0,0],"2":[0,0],"3":[0,0],"4":[0,2]},"_coverageSchema":"1a1c01bbd47fc00a2c39e90264f33305004495a9","hash":"ef1c1019c915d7ab378d3829a042ca6677113c78"}
,"D:\\MyCode\\jcl-loader\\src\\server\\errors.ts": {"path":"D:\\MyCode\\jcl-loader\\src\\server\\errors.ts","statementMap":{"0":{"start":{"line":7,"column":20},"end":{"line":7,"column":62}},"1":{"start":{"line":8,"column":4},"end":{"line":8,"column":19}},"2":{"start":{"line":9,"column":4},"end":{"line":9,"column":42}},"3":{"start":{"line":10,"column":4},"end":{"line":10,"column":31}}},"fnMap":{"0":{"name":"(anonymous_0)","decl":{"start":{"line":6,"column":2},"end":{"line":6,"column":3}},"loc":{"start":{"line":6,"column":36},"end":{"line":11,"column":3}},"line":6}},"branchMap":{},"s":{"0":0,"1":0,"2":0,"3":0},"f":{"0":0},"b":{},"_coverageSchema":"1a1c01bbd47fc00a2c39e90264f33305004495a9","hash":"a1a11c8e896c922c305a9a1e9a3bf62f662b1243"}
,"D:\\MyCode\\jcl-loader\\src\\server\\index.ts": {"path":"D:\\MyCode\\jcl-loader\\src\\server\\index.ts","statementMap":{"0":{"start":{"line":8,"column":4},"end":{"line":8,"column":24}},"1":{"start":{"line":12,"column":41},"end":{"line":12,"column":54}},"2":{"start":{"line":13,"column":22},"end":{"line":13,"column":85}},"3":{"start":{"line":13,"column":59},"end":{"line":13,"column":77}},"4":{"start":{"line":15,"column":4},"end":{"line":19,"column":5}},"5":{"start":{"line":16,"column":6},"end":{"line":16,"column":61}},"6":{"start":{"line":18,"column":6},"end":{"line":18,"column":37}},"7":{"start":{"line":20,"column":4},"end":{"line":20,"column":30}},"8":{"start":{"line":28,"column":8},"end":{"line":28,"column":47}},"9":{"start":{"line":29,"column":4},"end":{"line":29,"column":18}},"10":{"start":{"line":37,"column":8},"end":{"line":37,"column":46}},"11":{"start":{"line":38,"column":4},"end":{"line":38,"column":18}},"12":{"start":{"line":46,"column":8},"end":{"line":46,"column":41}},"13":{"start":{"line":47,"column":4},"end":{"line":47,"column":18}},"14":{"start":{"line":55,"column":8},"end":{"line":55,"column":46}},"15":{"start":{"line":56,"column":4},"end":{"line":56,"column":18}},"16":{"start":{"line":64,"column":8},"end":{"line":64,"column":44}},"17":{"start":{"line":65,"column":4},"end":{"line":65,"column":18}},"18":{"start":{"line":73,"column":8},"end":{"line":73,"column":43}},"19":{"start":{"line":74,"column":4},"end":{"line":74,"column":18}},"20":{"start":{"line":82,"column":8},"end":{"line":82,"column":43}},"21":{"start":{"line":83,"column":4},"end":{"line":83,"column":18}},"22":{"start":{"line":91,"column":8},"end":{"line":91,"column":47}},"23":{"start":{"line":92,"column":4},"end":{"line":92,"column":18}},"24":{"start":{"line":100,"column":8},"end":{"line":100,"column":47}},"25":{"start":{"line":101,"column":4},"end":{"line":101,"column":18}},"26":{"start":{"line":109,"column":8},"end":{"line":109,"column":41}},"27":{"start":{"line":110,"column":4},"end":{"line":110,"column":18}},"28":{"start":{"line":118,"column":8},"end":{"line":118,"column":47}},"29":{"start":{"line":119,"column":4},"end":{"line":119,"column":18}},"30":{"start":{"line":127,"column":8},"end":{"line":127,"column":37}},"31":{"start":{"line":128,"column":4},"end":{"line":128,"column":18}},"32":{"start":{"line":136,"column":8},"end":{"line":136,"column":54}},"33":{"start":{"line":137,"column":4},"end":{"line":137,"column":18}},"34":{"start":{"line":145,"column":8},"end":{"line":145,"column":61}},"35":{"start":{"line":146,"column":4},"end":{"line":146,"column":18}},"36":{"start":{"line":154,"column":8},"end":{"line":154,"column":56}},"37":{"start":{"line":155,"column":4},"end":{"line":155,"column":18}},"38":{"start":{"line":163,"column":8},"end":{"line":163,"column":55}},"39":{"start":{"line":164,"column":4},"end":{"line":164,"column":18}},"40":{"start":{"line":172,"column":8},"end":{"line":172,"column":56}},"41":{"start":{"line":173,"column":4},"end":{"line":173,"column":18}},"42":{"start":{"line":181,"column":8},"end":{"line":181,"column":54}},"43":{"start":{"line":182,"column":4},"end":{"line":182,"column":18}},"44":{"start":{"line":190,"column":8},"end":{"line":190,"column":53}},"45":{"start":{"line":191,"column":4},"end":{"line":191,"column":18}},"46":{"start":{"line":199,"column":8},"end":{"line":199,"column":55}},"47":{"start":{"line":200,"column":4},"end":{"line":200,"column":18}},"48":{"start":{"line":208,"column":8},"end":{"line":208,"column":57}},"49":{"start":{"line":209,"column":4},"end":{"line":209,"column":18}},"50":{"start":{"line":217,"column":8},"end":{"line":217,"column":53}},"51":{"start":{"line":218,"column":4},"end":{"line":218,"column":18}}},"fnMap":{"0":{"name":"(anonymous_0)","decl":{"start":{"line":7,"column":2},"end":{"line":7,"column":3}},"loc":{"start":{"line":7,"column":36},"end":{"line":9,"column":3}},"line":7},"1":{"name":"(anonymous_1)","decl":{"start":{"line":11,"column":2},"end":{"line":11,"column":3}},"loc":{"start":{"line":11,"column":67},"end":{"line":21,"column":3}},"line":11},"2":{"name":"(anonymous_2)","decl":{"start":{"line":13,"column":52},"end":{"line":13,"column":53}},"loc":{"start":{"line":13,"column":59},"end":{"line":13,"column":77}},"line":13},"3":{"name":"(anonymous_3)","decl":{"start":{"line":23,"column":2},"end":{"line":23,"column":3}},"loc":{"start":{"line":25,"column":4},"end":{"line":30,"column":3}},"line":25},"4":{"name":"(anonymous_4)","decl":{"start":{"line":32,"column":2},"end":{"line":32,"column":3}},"loc":{"start":{"line":34,"column":4},"end":{"line":39,"column":3}},"line":34},"5":{"name":"(anonymous_5)","decl":{"start":{"line":41,"column":2},"end":{"line":41,"column":3}},"loc":{"start":{"line":43,"column":4},"end":{"line":48,"column":3}},"line":43},"6":{"name":"(anonymous_6)","decl":{"start":{"line":50,"column":2},"end":{"line":50,"column":3}},"loc":{"start":{"line":52,"column":4},"end":{"line":57,"column":3}},"line":52},"7":{"name":"(anonymous_7)","decl":{"start":{"line":59,"column":2},"end":{"line":59,"column":3}},"loc":{"start":{"line":61,"column":4},"end":{"line":66,"column":3}},"line":61},"8":{"name":"(anonymous_8)","decl":{"start":{"line":68,"column":2},"end":{"line":68,"column":3}},"loc":{"start":{"line":70,"column":4},"end":{"line":75,"column":3}},"line":70},"9":{"name":"(anonymous_9)","decl":{"start":{"line":77,"column":2},"end":{"line":77,"column":3}},"loc":{"start":{"line":79,"column":4},"end":{"line":84,"column":3}},"line":79},"10":{"name":"(anonymous_10)","decl":{"start":{"line":86,"column":2},"end":{"line":86,"column":3}},"loc":{"start":{"line":88,"column":4},"end":{"line":93,"column":3}},"line":88},"11":{"name":"(anonymous_11)","decl":{"start":{"line":95,"column":2},"end":{"line":95,"column":3}},"loc":{"start":{"line":97,"column":4},"end":{"line":102,"column":3}},"line":97},"12":{"name":"(anonymous_12)","decl":{"start":{"line":104,"column":2},"end":{"line":104,"column":3}},"loc":{"start":{"line":106,"column":4},"end":{"line":111,"column":3}},"line":106},"13":{"name":"(anonymous_13)","decl":{"start":{"line":113,"column":2},"end":{"line":113,"column":3}},"loc":{"start":{"line":115,"column":4},"end":{"line":120,"column":3}},"line":115},"14":{"name":"(anonymous_14)","decl":{"start":{"line":122,"column":2},"end":{"line":122,"column":3}},"loc":{"start":{"line":124,"column":4},"end":{"line":129,"column":3}},"line":124},"15":{"name":"(anonymous_15)","decl":{"start":{"line":131,"column":2},"end":{"line":131,"column":3}},"loc":{"start":{"line":133,"column":4},"end":{"line":138,"column":3}},"line":133},"16":{"name":"(anonymous_16)","decl":{"start":{"line":140,"column":2},"end":{"line":140,"column":3}},"loc":{"start":{"line":142,"column":4},"end":{"line":147,"column":3}},"line":142},"17":{"name":"(anonymous_17)","decl":{"start":{"line":149,"column":2},"end":{"line":149,"column":3}},"loc":{"start":{"line":151,"column":4},"end":{"line":156,"column":3}},"line":151},"18":{"name":"(anonymous_18)","decl":{"start":{"line":158,"column":2},"end":{"line":158,"column":3}},"loc":{"start":{"line":160,"column":4},"end":{"line":165,"column":3}},"line":160},"19":{"name":"(anonymous_19)","decl":{"start":{"line":167,"column":2},"end":{"line":167,"column":3}},"loc":{"start":{"line":169,"column":4},"end":{"line":174,"column":3}},"line":169},"20":{"name":"(anonymous_20)","decl":{"start":{"line":176,"column":2},"end":{"line":176,"column":3}},"loc":{"start":{"line":178,"column":4},"end":{"line":183,"column":3}},"line":178},"21":{"name":"(anonymous_21)","decl":{"start":{"line":185,"column":2},"end":{"line":185,"column":3}},"loc":{"start":{"line":187,"column":4},"end":{"line":192,"column":3}},"line":187},"22":{"name":"(anonymous_22)","decl":{"start":{"line":194,"column":2},"end":{"line":194,"column":3}},"loc":{"start":{"line":196,"column":4},"end":{"line":201,"column":3}},"line":196},"23":{"name":"(anonymous_23)","decl":{"start":{"line":203,"column":2},"end":{"line":203,"column":3}},"loc":{"start":{"line":205,"column":4},"end":{"line":210,"column":3}},"line":205},"24":{"name":"(anonymous_24)","decl":{"start":{"line":212,"column":2},"end":{"line":212,"column":3}},"loc":{"start":{"line":214,"column":4},"end":{"line":219,"column":3}},"line":214}},"branchMap":{"0":{"loc":{"start":{"line":11,"column":32},"end":{"line":11,"column":57}},"type":"default-arg","locations":[{"start":{"line":11,"column":53},"end":{"line":11,"column":57}}],"line":11},"1":{"loc":{"start":{"line":15,"column":4},"end":{"line":19,"column":5}},"type":"if","locations":[{"start":{"line":15,"column":4},"end":{"line":19,"column":5}},{"start":{"line":17,"column":11},"end":{"line":19,"column":5}}],"line":15}},"s":{"0":1,"1":1,"2":1,"3":46,"4":1,"5":1,"6":0,"7":1,"8":0,"9":0,"10":0,"11":0,"12":0,"13":0,"14":0,"15":0,"16":0,"17":0,"18":0,"19":0,"20":0,"21":0,"22":0,"23":0,"24":0,"25":0,"26":1,"27":1,"28":0,"29":0,"30":0,"31":0,"32":0,"33":0,"34":0,"35":0,"36":0,"37":0,"38":0,"39":0,"40":0,"41":0,"42":0,"43":0,"44":0,"45":0,"46":0,"47":0,"48":0,"49":0,"50":0,"51":0},"f":{"0":1,"1":1,"2":46,"3":0,"4":0,"5":0,"6":0,"7":0,"8":0,"9":0,"10":0,"11":0,"12":1,"13":0,"14":0,"15":0,"16":0,"17":0,"18":0,"19":0,"20":0,"21":0,"22":0,"23":0,"24":0},"b":{"0":[1],"1":[1,0]},"_coverageSchema":"1a1c01bbd47fc00a2c39e90264f33305004495a9","hash":"97f331eab8f9541ae2dbff851cf043e576b68d39"}
,"D:\\MyCode\\jcl-loader\\src\\server\\typed.ts": {"path":"D:\\MyCode\\jcl-loader\\src\\server\\typed.ts","statementMap":{},"fnMap":{},"branchMap":{},"s":{},"f":{},"b":{},"_coverageSchema":"1a1c01bbd47fc00a2c39e90264f33305004495a9","hash":"33a427ee90f20264b46b23a8c41f1c25b05436d3"}
,"D:\\MyCode\\jcl-loader\\src\\server\\core\\index.ts": {"path":"D:\\MyCode\\jcl-loader\\src\\server\\core\\index.ts","statementMap":{},"fnMap":{},"branchMap":{},"s":{},"f":{},"b":{},"_coverageSchema":"1a1c01bbd47fc00a2c39e90264f33305004495a9","hash":"5fd974e44c3f493f2d231115ee8ba1c4f9ef643b"}
,"D:\\MyCode\\jcl-loader\\src\\server\\core\\loader.ts": {"path":"D:\\MyCode\\jcl-loader\\src\\server\\core\\loader.ts","statementMap":{"0":{"start":{"line":12,"column":6},"end":{"line":12,"column":26}},"1":{"start":{"line":13,"column":31},"end":{"line":20,"column":3}},"2":{"start":{"line":21,"column":2},"end":{"line":21,"column":17}},"3":{"start":{"line":25,"column":38},"end":{"line":25,"column":53}},"4":{"start":{"line":27,"column":37},"end":{"line":27,"column":39}},"5":{"start":{"line":28,"column":2},"end":{"line":31,"column":3}},"6":{"start":{"line":29,"column":33},"end":{"line":29,"column":57}},"7":{"start":{"line":30,"column":4},"end":{"line":30,"column":25}},"8":{"start":{"line":32,"column":2},"end":{"line":32,"column":16}}},"fnMap":{"0":{"name":"loadRawLine","decl":{"start":{"line":4,"column":9},"end":{"line":4,"column":20}},"loc":{"start":{"line":4,"column":52},"end":{"line":22,"column":1}},"line":4},"1":{"name":"loadRaw","decl":{"start":{"line":24,"column":16},"end":{"line":24,"column":23}},"loc":{"start":{"line":24,"column":57},"end":{"line":33,"column":1}},"line":24}},"branchMap":{},"s":{"0":3508,"1":3508,"2":3508,"3":4,"4":4,"5":4,"6":3508,"7":3508,"8":4},"f":{"0":3508,"1":4},"b":{},"_coverageSchema":"1a1c01bbd47fc00a2c39e90264f33305004495a9","hash":"9df3dac9ea7aa51094a36531b43c325fa15ab3d8"}
,"D:\\MyCode\\jcl-loader\\src\\server\\core\\parser.ts": {"path":"D:\\MyCode\\jcl-loader\\src\\server\\core\\parser.ts","statementMap":{"0":{"start":{"line":9,"column":23},"end":{"line":12,"column":3}},"1":{"start":{"line":14,"column":13},"end":{"line":14,"column":15}},"2":{"start":{"line":15,"column":2},"end":{"line":210,"column":3}},"3":{"start":{"line":17,"column":6},"end":{"line":22,"column":8}},"4":{"start":{"line":23,"column":6},"end":{"line":23,"column":12}},"5":{"start":{"line":25,"column":6},"end":{"line":27,"column":8}},"6":{"start":{"line":28,"column":6},"end":{"line":28,"column":12}},"7":{"start":{"line":30,"column":6},"end":{"line":32,"column":8}},"8":{"start":{"line":33,"column":6},"end":{"line":33,"column":12}},"9":{"start":{"line":35,"column":6},"end":{"line":53,"column":8}},"10":{"start":{"line":45,"column":22},"end":{"line":49,"column":13}},"11":{"start":{"line":54,"column":6},"end":{"line":54,"column":12}},"12":{"start":{"line":56,"column":6},"end":{"line":63,"column":8}},"13":{"start":{"line":64,"column":6},"end":{"line":64,"column":12}},"14":{"start":{"line":66,"column":6},"end":{"line":68,"column":8}},"15":{"start":{"line":69,"column":6},"end":{"line":69,"column":12}},"16":{"start":{"line":71,"column":6},"end":{"line":73,"column":8}},"17":{"start":{"line":74,"column":6},"end":{"line":74,"column":12}},"18":{"start":{"line":76,"column":6},"end":{"line":83,"column":8}},"19":{"start":{"line":84,"column":6},"end":{"line":84,"column":12}},"20":{"start":{"line":86,"column":6},"end":{"line":88,"column":8}},"21":{"start":{"line":89,"column":6},"end":{"line":89,"column":12}},"22":{"start":{"line":91,"column":6},"end":{"line":93,"column":8}},"23":{"start":{"line":94,"column":6},"end":{"line":94,"column":12}},"24":{"start":{"line":96,"column":6},"end":{"line":108,"column":8}},"25":{"start":{"line":109,"column":6},"end":{"line":109,"column":12}},"26":{"start":{"line":111,"column":6},"end":{"line":114,"column":8}},"27":{"start":{"line":115,"column":6},"end":{"line":115,"column":12}},"28":{"start":{"line":117,"column":6},"end":{"line":120,"column":8}},"29":{"start":{"line":121,"column":6},"end":{"line":121,"column":12}},"30":{"start":{"line":123,"column":6},"end":{"line":127,"column":8}},"31":{"start":{"line":128,"column":6},"end":{"line":128,"column":12}},"32":{"start":{"line":130,"column":6},"end":{"line":135,"column":8}},"33":{"start":{"line":136,"column":6},"end":{"line":136,"column":12}},"34":{"start":{"line":138,"column":6},"end":{"line":148,"column":8}},"35":{"start":{"line":149,"column":6},"end":{"line":149,"column":12}},"36":{"start":{"line":151,"column":6},"end":{"line":158,"column":8}},"37":{"start":{"line":159,"column":6},"end":{"line":159,"column":12}},"38":{"start":{"line":161,"column":6},"end":{"line":167,"column":8}},"39":{"start":{"line":168,"column":6},"end":{"line":168,"column":12}},"40":{"start":{"line":170,"column":6},"end":{"line":176,"column":8}},"41":{"start":{"line":177,"column":6},"end":{"line":177,"column":12}},"42":{"start":{"line":179,"column":6},"end":{"line":185,"column":8}},"43":{"start":{"line":186,"column":6},"end":{"line":186,"column":12}},"44":{"start":{"line":188,"column":6},"end":{"line":194,"column":8}},"45":{"start":{"line":195,"column":6},"end":{"line":195,"column":12}},"46":{"start":{"line":197,"column":6},"end":{"line":200,"column":8}},"47":{"start":{"line":201,"column":6},"end":{"line":201,"column":12}},"48":{"start":{"line":203,"column":6},"end":{"line":206,"column":8}},"49":{"start":{"line":207,"column":6},"end":{"line":207,"column":12}},"50":{"start":{"line":209,"column":6},"end":{"line":209,"column":51}},"51":{"start":{"line":211,"column":2},"end":{"line":211,"column":14}},"52":{"start":{"line":217,"column":20},"end":{"line":217,"column":28}},"53":{"start":{"line":221,"column":42},"end":{"line":243,"column":7}},"54":{"start":{"line":222,"column":25},"end":{"line":222,"column":56}},"55":{"start":{"line":232,"column":14},"end":{"line":232,"column":21}},"56":{"start":{"line":234,"column":10},"end":{"line":241,"column":11}},"57":{"start":{"line":245,"column":4},"end":{"line":245,"column":25}},"58":{"start":{"line":247,"column":2},"end":{"line":247,"column":16}},"59":{"start":{"line":251,"column":43},"end":{"line":251,"column":64}},"60":{"start":{"line":252,"column":17},"end":{"line":252,"column":39}},"61":{"start":{"line":256,"column":4},"end":{"line":261,"column":5}},"62":{"start":{"line":257,"column":40},"end":{"line":257,"column":61}},"63":{"start":{"line":258,"column":6},"end":{"line":258,"column":31}},"64":{"start":{"line":259,"column":6},"end":{"line":259,"column":35}},"65":{"start":{"line":260,"column":6},"end":{"line":260,"column":19}},"66":{"start":{"line":263,"column":38},"end":{"line":263,"column":58}},"67":{"start":{"line":264,"column":4},"end":{"line":264,"column":33}},"68":{"start":{"line":266,"column":4},"end":{"line":266,"column":17}},"69":{"start":{"line":269,"column":2},"end":{"line":269,"column":28}}},"fnMap":{"0":{"name":"parseLuadata","decl":{"start":{"line":7,"column":9},"end":{"line":7,"column":21}},"loc":{"start":{"line":7,"column":64},"end":{"line":212,"column":1}},"line":7},"1":{"name":"(anonymous_1)","decl":{"start":{"line":45,"column":12},"end":{"line":45,"column":13}},"loc":{"start":{"line":45,"column":22},"end":{"line":49,"column":13}},"line":45},"2":{"name":"createParser","decl":{"start":{"line":216,"column":16},"end":{"line":216,"column":28}},"loc":{"start":{"line":216,"column":73},"end":{"line":248,"column":1}},"line":216},"3":{"name":"filter","decl":{"start":{"line":219,"column":11},"end":{"line":219,"column":17}},"loc":{"start":{"line":219,"column":63},"end":{"line":246,"column":3}},"line":219},"4":{"name":"(anonymous_4)","decl":{"start":{"line":222,"column":14},"end":{"line":222,"column":15}},"loc":{"start":{"line":222,"column":25},"end":{"line":222,"column":56}},"line":222},"5":{"name":"(anonymous_5)","decl":{"start":{"line":224,"column":8},"end":{"line":224,"column":9}},"loc":{"start":{"line":224,"column":19},"end":{"line":242,"column":9}},"line":224},"6":{"name":"createParserWithLruCache","decl":{"start":{"line":250,"column":16},"end":{"line":250,"column":40}},"loc":{"start":{"line":250,"column":98},"end":{"line":270,"column":1}},"line":250},"7":{"name":"filterWithLruCache","decl":{"start":{"line":254,"column":11},"end":{"line":254,"column":29}},"loc":{"start":{"line":254,"column":75},"end":{"line":267,"column":3}},"line":254}},"branchMap":{"0":{"loc":{"start":{"line":15,"column":2},"end":{"line":210,"column":3}},"type":"switch","locations":[{"start":{"line":16,"column":4},"end":{"line":23,"column":12}},{"start":{"line":24,"column":4},"end":{"line":28,"column":12}},{"start":{"line":29,"column":4},"end":{"line":33,"column":12}},{"start":{"line":34,"column":4},"end":{"line":54,"column":12}},{"start":{"line":55,"column":4},"end":{"line":64,"column":12}},{"start":{"line":65,"column":4},"end":{"line":69,"column":12}},{"start":{"line":70,"column":4},"end":{"line":74,"column":12}},{"start":{"line":75,"column":4},"end":{"line":84,"column":12}},{"start":{"line":85,"column":4},"end":{"line":89,"column":12}},{"start":{"line":90,"column":4},"end":{"line":94,"column":12}},{"start":{"line":95,"column":4},"end":{"line":109,"column":12}},{"start":{"line":110,"column":4},"end":{"line":115,"column":12}},{"start":{"line":116,"column":4},"end":{"line":121,"column":12}},{"start":{"line":122,"column":4},"end":{"line":128,"column":12}},{"start":{"line":129,"column":4},"end":{"line":136,"column":12}},{"start":{"line":137,"column":4},"end":{"line":149,"column":12}},{"start":{"line":150,"column":4},"end":{"line":159,"column":12}},{"start":{"line":160,"column":4},"end":{"line":168,"column":12}},{"start":{"line":169,"column":4},"end":{"line":177,"column":12}},{"start":{"line":178,"column":4},"end":{"line":186,"column":12}},{"start":{"line":187,"column":4},"end":{"line":195,"column":12}},{"start":{"line":196,"column":4},"end":{"line":201,"column":12}},{"start":{"line":202,"column":4},"end":{"line":207,"column":12}},{"start":{"line":208,"column":4},"end":{"line":209,"column":51}}],"line":15},"1":{"loc":{"start":{"line":42,"column":17},"end":{"line":50,"column":18}},"type":"cond-expr","locations":[{"start":{"line":43,"column":12},"end":{"line":50,"column":11}},{"start":{"line":50,"column":14},"end":{"line":50,"column":18}}],"line":42},"2":{"loc":{"start":{"line":51,"column":16},"end":{"line":51,"column":55}},"type":"cond-expr","locations":[{"start":{"line":51,"column":38},"end":{"line":51,"column":48}},{"start":{"line":51,"column":51},"end":{"line":51,"column":55}}],"line":51},"3":{"loc":{"start":{"line":52,"column":11},"end":{"line":52,"column":50}},"type":"cond-expr","locations":[{"start":{"line":52,"column":33},"end":{"line":52,"column":43}},{"start":{"line":52,"column":46},"end":{"line":52,"column":50}}],"line":52},"4":{"loc":{"start":{"line":256,"column":4},"end":{"line":261,"column":5}},"type":"if","locations":[{"start":{"line":256,"column":4},"end":{"line":261,"column":5}},{"start":{},"end":{}}],"line":256}},"s":{"0":1136,"1":1136,"2":1136,"3":0,"4":0,"5":0,"6":0,"7":0,"8":0,"9":0,"10":0,"11":0,"12":0,"13":0,"14":0,"15":0,"16":0,"17":0,"18":0,"19":0,"20":0,"21":0,"22":0,"23":0,"24":1134,"25":1134,"26":0,"27":0,"28":0,"29":0,"30":0,"31":0,"32":0,"33":0,"34":2,"35":2,"36":0,"37":0,"38":0,"39":0,"40":0,"41":0,"42":0,"43":0,"44":0,"45":0,"46":0,"47":0,"48":0,"49":0,"50":0,"51":1136,"52":3,"53":3,"54":3507,"55":1136,"56":1136,"57":3,"58":3,"59":2,"60":2,"61":2,"62":0,"63":0,"64":0,"65":0,"66":2,"67":2,"68":2,"69":2},"f":{"0":1136,"1":0,"2":3,"3":3,"4":3507,"5":1136,"6":2,"7":2},"b":{"0":[0,0,0,0,0,0,0,0,0,0,1134,0,0,0,0,2,0,0,0,0,0,0,0,0],"1":[0,0],"2":[0,0],"3":[0,0],"4":[0,2]},"_coverageSchema":"1a1c01bbd47fc00a2c39e90264f33305004495a9","hash":"7a7a27a8bd1b4235d91bfffaef426e4c006fc7a8"}
}
