{"D:\\MyCode\\jcl-loader\\src\\client\\errors.ts": {"path":"D:\\MyCode\\jcl-loader\\src\\client\\errors.ts","statementMap":{"0":{"start":{"line":7,"column":20},"end":{"line":7,"column":62}},"1":{"start":{"line":8,"column":4},"end":{"line":8,"column":19}},"2":{"start":{"line":9,"column":4},"end":{"line":9,"column":42}},"3":{"start":{"line":10,"column":4},"end":{"line":10,"column":31}}},"fnMap":{"0":{"name":"(anonymous_0)","decl":{"start":{"line":6,"column":2},"end":{"line":6,"column":3}},"loc":{"start":{"line":6,"column":36},"end":{"line":11,"column":3}},"line":6}},"branchMap":{},"s":{"0":0,"1":0,"2":0,"3":0},"f":{"0":0},"b":{},"_coverageSchema":"1a1c01bbd47fc00a2c39e90264f33305004495a9","hash":"2cbba2b7c936c80bc26de976a4bae1ce60076605"}
,"D:\\MyCode\\jcl-loader\\src\\client\\index.ts": {"path":"D:\\MyCode\\jcl-loader\\src\\client\\index.ts","statementMap":{"0":{"start":{"line":18,"column":6},"end":{"line":18,"column":26}},"1":{"start":{"line":19,"column":31},"end":{"line":26,"column":3}},"2":{"start":{"line":27,"column":2},"end":{"line":27,"column":17}},"3":{"start":{"line":31,"column":38},"end":{"line":31,"column":53}},"4":{"start":{"line":33,"column":37},"end":{"line":33,"column":39}},"5":{"start":{"line":34,"column":2},"end":{"line":37,"column":3}},"6":{"start":{"line":35,"column":33},"end":{"line":35,"column":57}},"7":{"start":{"line":36,"column":4},"end":{"line":36,"column":25}},"8":{"start":{"line":38,"column":2},"end":{"line":38,"column":16}},"9":{"start":{"line":43,"column":23},"end":{"line":46,"column":3}},"10":{"start":{"line":48,"column":13},"end":{"line":48,"column":15}},"11":{"start":{"line":49,"column":2},"end":{"line":243,"column":3}},"12":{"start":{"line":51,"column":6},"end":{"line":56,"column":8}},"13":{"start":{"line":57,"column":6},"end":{"line":57,"column":12}},"14":{"start":{"line":59,"column":6},"end":{"line":61,"column":8}},"15":{"start":{"line":62,"column":6},"end":{"line":62,"column":12}},"16":{"start":{"line":64,"column":6},"end":{"line":66,"column":8}},"17":{"start":{"line":67,"column":6},"end":{"line":67,"column":12}},"18":{"start":{"line":69,"column":6},"end":{"line":86,"column":8}},"19":{"start":{"line":78,"column":20},"end":{"line":82,"column":11}},"20":{"start":{"line":87,"column":6},"end":{"line":87,"column":12}},"21":{"start":{"line":89,"column":6},"end":{"line":96,"column":8}},"22":{"start":{"line":97,"column":6},"end":{"line":97,"column":12}},"23":{"start":{"line":99,"column":6},"end":{"line":101,"column":8}},"24":{"start":{"line":102,"column":6},"end":{"line":102,"column":12}},"25":{"start":{"line":104,"column":6},"end":{"line":106,"column":8}},"26":{"start":{"line":107,"column":6},"end":{"line":107,"column":12}},"27":{"start":{"line":109,"column":6},"end":{"line":116,"column":8}},"28":{"start":{"line":117,"column":6},"end":{"line":117,"column":12}},"29":{"start":{"line":119,"column":6},"end":{"line":121,"column":8}},"30":{"start":{"line":122,"column":6},"end":{"line":122,"column":12}},"31":{"start":{"line":124,"column":6},"end":{"line":126,"column":8}},"32":{"start":{"line":127,"column":6},"end":{"line":127,"column":12}},"33":{"start":{"line":129,"column":6},"end":{"line":141,"column":8}},"34":{"start":{"line":142,"column":6},"end":{"line":142,"column":12}},"35":{"start":{"line":144,"column":6},"end":{"line":147,"column":8}},"36":{"start":{"line":148,"column":6},"end":{"line":148,"column":12}},"37":{"start":{"line":150,"column":6},"end":{"line":153,"column":8}},"38":{"start":{"line":154,"column":6},"end":{"line":154,"column":12}},"39":{"start":{"line":156,"column":6},"end":{"line":160,"column":8}},"40":{"start":{"line":161,"column":6},"end":{"line":161,"column":12}},"41":{"start":{"line":163,"column":6},"end":{"line":168,"column":8}},"42":{"start":{"line":169,"column":6},"end":{"line":169,"column":12}},"43":{"start":{"line":171,"column":6},"end":{"line":181,"column":8}},"44":{"start":{"line":182,"column":6},"end":{"line":182,"column":12}},"45":{"start":{"line":184,"column":6},"end":{"line":191,"column":8}},"46":{"start":{"line":192,"column":6},"end":{"line":192,"column":12}},"47":{"start":{"line":194,"column":6},"end":{"line":200,"column":8}},"48":{"start":{"line":201,"column":6},"end":{"line":201,"column":12}},"49":{"start":{"line":203,"column":6},"end":{"line":209,"column":8}},"50":{"start":{"line":210,"column":6},"end":{"line":210,"column":12}},"51":{"start":{"line":212,"column":6},"end":{"line":218,"column":8}},"52":{"start":{"line":219,"column":6},"end":{"line":219,"column":12}},"53":{"start":{"line":221,"column":6},"end":{"line":227,"column":8}},"54":{"start":{"line":228,"column":6},"end":{"line":228,"column":12}},"55":{"start":{"line":230,"column":6},"end":{"line":233,"column":8}},"56":{"start":{"line":234,"column":6},"end":{"line":234,"column":12}},"57":{"start":{"line":236,"column":6},"end":{"line":239,"column":8}},"58":{"start":{"line":240,"column":6},"end":{"line":240,"column":12}},"59":{"start":{"line":242,"column":6},"end":{"line":242,"column":51}},"60":{"start":{"line":244,"column":2},"end":{"line":244,"column":14}},"61":{"start":{"line":251,"column":20},"end":{"line":251,"column":28}},"62":{"start":{"line":255,"column":42},"end":{"line":277,"column":7}},"63":{"start":{"line":256,"column":25},"end":{"line":256,"column":56}},"64":{"start":{"line":266,"column":14},"end":{"line":266,"column":21}},"65":{"start":{"line":268,"column":10},"end":{"line":275,"column":11}},"66":{"start":{"line":279,"column":4},"end":{"line":279,"column":25}},"67":{"start":{"line":281,"column":2},"end":{"line":281,"column":16}},"68":{"start":{"line":285,"column":43},"end":{"line":285,"column":64}},"69":{"start":{"line":286,"column":17},"end":{"line":286,"column":39}},"70":{"start":{"line":290,"column":4},"end":{"line":295,"column":5}},"71":{"start":{"line":291,"column":40},"end":{"line":291,"column":61}},"72":{"start":{"line":292,"column":6},"end":{"line":292,"column":31}},"73":{"start":{"line":293,"column":6},"end":{"line":293,"column":35}},"74":{"start":{"line":294,"column":6},"end":{"line":294,"column":19}},"75":{"start":{"line":297,"column":38},"end":{"line":297,"column":58}},"76":{"start":{"line":298,"column":4},"end":{"line":298,"column":33}},"77":{"start":{"line":300,"column":4},"end":{"line":300,"column":17}},"78":{"start":{"line":303,"column":2},"end":{"line":303,"column":28}},"79":{"start":{"line":308,"column":65},"end":{"line":308,"column":93}},"80":{"start":{"line":309,"column":66},"end":{"line":310,"column":48}},"81":{"start":{"line":310,"column":23},"end":{"line":310,"column":46}},"82":{"start":{"line":311,"column":2},"end":{"line":311,"column":49}},"83":{"start":{"line":313,"column":29},"end":{"line":313,"column":38}},"84":{"start":{"line":314,"column":32},"end":{"line":314,"column":41}},"85":{"start":{"line":315,"column":2},"end":{"line":320,"column":3}},"86":{"start":{"line":316,"column":4},"end":{"line":316,"column":44}},"87":{"start":{"line":317,"column":4},"end":{"line":319,"column":5}},"88":{"start":{"line":318,"column":6},"end":{"line":318,"column":35}},"89":{"start":{"line":321,"column":37},"end":{"line":321,"column":65}},"90":{"start":{"line":322,"column":40},"end":{"line":322,"column":80}},"91":{"start":{"line":326,"column":4},"end":{"line":339,"column":7}},"92":{"start":{"line":329,"column":10},"end":{"line":337,"column":11}},"93":{"start":{"line":335,"column":24},"end":{"line":335,"column":52}},"94":{"start":{"line":341,"column":2},"end":{"line":341,"column":43}},"95":{"start":{"line":343,"column":2},"end":{"line":343,"column":21}}},"fnMap":{"0":{"name":"loadRawLine","decl":{"start":{"line":10,"column":9},"end":{"line":10,"column":20}},"loc":{"start":{"line":10,"column":52},"end":{"line":28,"column":1}},"line":10},"1":{"name":"loadRaw","decl":{"start":{"line":30,"column":16},"end":{"line":30,"column":23}},"loc":{"start":{"line":30,"column":57},"end":{"line":39,"column":1}},"line":30},"2":{"name":"parseLuadata","decl":{"start":{"line":41,"column":9},"end":{"line":41,"column":21}},"loc":{"start":{"line":41,"column":64},"end":{"line":245,"column":1}},"line":41},"3":{"name":"(anonymous_3)","decl":{"start":{"line":78,"column":10},"end":{"line":78,"column":11}},"loc":{"start":{"line":78,"column":20},"end":{"line":82,"column":11}},"line":78},"4":{"name":"createParser","decl":{"start":{"line":250,"column":16},"end":{"line":250,"column":28}},"loc":{"start":{"line":250,"column":73},"end":{"line":282,"column":1}},"line":250},"5":{"name":"filter","decl":{"start":{"line":253,"column":11},"end":{"line":253,"column":17}},"loc":{"start":{"line":253,"column":63},"end":{"line":280,"column":3}},"line":253},"6":{"name":"(anonymous_6)","decl":{"start":{"line":256,"column":14},"end":{"line":256,"column":15}},"loc":{"start":{"line":256,"column":25},"end":{"line":256,"column":56}},"line":256},"7":{"name":"(anonymous_7)","decl":{"start":{"line":258,"column":8},"end":{"line":258,"column":9}},"loc":{"start":{"line":258,"column":19},"end":{"line":276,"column":9}},"line":258},"8":{"name":"createParserWithLruCache","decl":{"start":{"line":284,"column":16},"end":{"line":284,"column":40}},"loc":{"start":{"line":284,"column":98},"end":{"line":304,"column":1}},"line":284},"9":{"name":"filterWithLruCache","decl":{"start":{"line":288,"column":11},"end":{"line":288,"column":29}},"loc":{"start":{"line":288,"column":75},"end":{"line":301,"column":3}},"line":288},"10":{"name":"getGameBasePlayers","decl":{"start":{"line":307,"column":22},"end":{"line":307,"column":40}},"loc":{"start":{"line":307,"column":96},"end":{"line":344,"column":1}},"line":307},"11":{"name":"(anonymous_11)","decl":{"start":{"line":310,"column":12},"end":{"line":310,"column":13}},"loc":{"start":{"line":310,"column":23},"end":{"line":310,"column":46}},"line":310},"12":{"name":"(anonymous_12)","decl":{"start":{"line":328,"column":8},"end":{"line":328,"column":9}},"loc":{"start":{"line":329,"column":10},"end":{"line":337,"column":11}},"line":329},"13":{"name":"(anonymous_13)","decl":{"start":{"line":335,"column":14},"end":{"line":335,"column":15}},"loc":{"start":{"line":335,"column":24},"end":{"line":335,"column":52}},"line":335}},"branchMap":{"0":{"loc":{"start":{"line":49,"column":2},"end":{"line":243,"column":3}},"type":"switch","locations":[{"start":{"line":50,"column":4},"end":{"line":57,"column":12}},{"start":{"line":58,"column":4},"end":{"line":62,"column":12}},{"start":{"line":63,"column":4},"end":{"line":67,"column":12}},{"start":{"line":68,"column":4},"end":{"line":87,"column":12}},{"start":{"line":88,"column":4},"end":{"line":97,"column":12}},{"start":{"line":98,"column":4},"end":{"line":102,"column":12}},{"start":{"line":103,"column":4},"end":{"line":107,"column":12}},{"start":{"line":108,"column":4},"end":{"line":117,"column":12}},{"start":{"line":118,"column":4},"end":{"line":122,"column":12}},{"start":{"line":123,"column":4},"end":{"line":127,"column":12}},{"start":{"line":128,"column":4},"end":{"line":142,"column":12}},{"start":{"line":143,"column":4},"end":{"line":148,"column":12}},{"start":{"line":149,"column":4},"end":{"line":154,"column":12}},{"start":{"line":155,"column":4},"end":{"line":161,"column":12}},{"start":{"line":162,"column":4},"end":{"line":169,"column":12}},{"start":{"line":170,"column":4},"end":{"line":182,"column":12}},{"start":{"line":183,"column":4},"end":{"line":192,"column":12}},{"start":{"line":193,"column":4},"end":{"line":201,"column":12}},{"start":{"line":202,"column":4},"end":{"line":210,"column":12}},{"start":{"line":211,"column":4},"end":{"line":219,"column":12}},{"start":{"line":220,"column":4},"end":{"line":228,"column":12}},{"start":{"line":229,"column":4},"end":{"line":234,"column":12}},{"start":{"line":235,"column":4},"end":{"line":240,"column":12}},{"start":{"line":241,"column":4},"end":{"line":242,"column":51}}],"line":49},"1":{"loc":{"start":{"line":85,"column":11},"end":{"line":85,"column":50}},"type":"cond-expr","locations":[{"start":{"line":85,"column":33},"end":{"line":85,"column":43}},{"start":{"line":85,"column":46},"end":{"line":85,"column":50}}],"line":85},"2":{"loc":{"start":{"line":290,"column":4},"end":{"line":295,"column":5}},"type":"if","locations":[{"start":{"line":290,"column":4},"end":{"line":295,"column":5}},{"start":{},"end":{}}],"line":290}},"s":{"0":5,"1":5,"2":5,"3":4,"4":4,"5":4,"6":5,"7":5,"8":4,"9":3,"10":3,"11":3,"12":0,"13":0,"14":0,"15":0,"16":0,"17":0,"18":1,"19":12,"20":1,"21":0,"22":0,"23":0,"24":0,"25":0,"26":0,"27":0,"28":0,"29":0,"30":0,"31":0,"32":0,"33":0,"34":0,"35":0,"36":0,"37":0,"38":0,"39":0,"40":0,"41":0,"42":0,"43":2,"44":2,"45":0,"46":0,"47":0,"48":0,"49":0,"50":0,"51":0,"52":0,"53":0,"54":0,"55":0,"56":0,"57":0,"58":0,"59":0,"60":3,"61":3,"62":3,"63":4,"64":3,"65":3,"66":3,"67":3,"68":2,"69":2,"70":2,"71":0,"72":0,"73":0,"74":0,"75":2,"76":2,"77":2,"78":2,"79":1,"80":1,"81":1,"82":1,"83":1,"84":1,"85":1,"86":1,"87":1,"88":12,"89":1,"90":1,"91":1,"92":1,"93":12,"94":1,"95":1},"f":{"0":5,"1":4,"2":3,"3":12,"4":3,"5":3,"6":4,"7":3,"8":2,"9":2,"10":1,"11":1,"12":1,"13":12},"b":{"0":[0,0,0,1,0,0,0,0,0,0,0,0,0,0,0,2,0,0,0,0,0,0,0,0],"1":[1,0],"2":[0,2]},"_coverageSchema":"1a1c01bbd47fc00a2c39e90264f33305004495a9","hash":"4bcb7f522da697e522ba3662e9d93fd540cfc8e5"}
,"D:\\MyCode\\jcl-loader\\src\\client\\typed.ts": {"path":"D:\\MyCode\\jcl-loader\\src\\client\\typed.ts","statementMap":{},"fnMap":{},"branchMap":{},"s":{},"f":{},"b":{},"_coverageSchema":"1a1c01bbd47fc00a2c39e90264f33305004495a9","hash":"81f364f265492770b06275b7123c1421778d4310"}
,"D:\\MyCode\\jcl-loader\\src\\client\\utils.ts": {"path":"D:\\MyCode\\jcl-loader\\src\\client\\utils.ts","statementMap":{},"fnMap":{},"branchMap":{},"s":{},"f":{},"b":{}}
,"D:\\MyCode\\jcl-loader\\src\\server\\errors.ts": {"path":"D:\\MyCode\\jcl-loader\\src\\server\\errors.ts","statementMap":{"0":{"start":{"line":7,"column":20},"end":{"line":7,"column":62}},"1":{"start":{"line":8,"column":4},"end":{"line":8,"column":19}},"2":{"start":{"line":9,"column":4},"end":{"line":9,"column":42}},"3":{"start":{"line":10,"column":4},"end":{"line":10,"column":31}}},"fnMap":{"0":{"name":"(anonymous_0)","decl":{"start":{"line":6,"column":2},"end":{"line":6,"column":3}},"loc":{"start":{"line":6,"column":36},"end":{"line":11,"column":3}},"line":6}},"branchMap":{},"s":{"0":0,"1":0,"2":0,"3":0},"f":{"0":0},"b":{},"_coverageSchema":"1a1c01bbd47fc00a2c39e90264f33305004495a9","hash":"a1a11c8e896c922c305a9a1e9a3bf62f662b1243"}
,"D:\\MyCode\\jcl-loader\\src\\server\\index.ts": {"path":"D:\\MyCode\\jcl-loader\\src\\server\\index.ts","statementMap":{"0":{"start":{"line":18,"column":6},"end":{"line":18,"column":26}},"1":{"start":{"line":19,"column":31},"end":{"line":26,"column":3}},"2":{"start":{"line":27,"column":2},"end":{"line":27,"column":17}},"3":{"start":{"line":31,"column":38},"end":{"line":31,"column":53}},"4":{"start":{"line":33,"column":37},"end":{"line":33,"column":39}},"5":{"start":{"line":34,"column":2},"end":{"line":37,"column":3}},"6":{"start":{"line":35,"column":33},"end":{"line":35,"column":57}},"7":{"start":{"line":36,"column":4},"end":{"line":36,"column":25}},"8":{"start":{"line":38,"column":2},"end":{"line":38,"column":16}},"9":{"start":{"line":43,"column":23},"end":{"line":46,"column":3}},"10":{"start":{"line":48,"column":13},"end":{"line":48,"column":15}},"11":{"start":{"line":49,"column":2},"end":{"line":243,"column":3}},"12":{"start":{"line":51,"column":6},"end":{"line":56,"column":8}},"13":{"start":{"line":57,"column":6},"end":{"line":57,"column":12}},"14":{"start":{"line":59,"column":6},"end":{"line":61,"column":8}},"15":{"start":{"line":62,"column":6},"end":{"line":62,"column":12}},"16":{"start":{"line":64,"column":6},"end":{"line":66,"column":8}},"17":{"start":{"line":67,"column":6},"end":{"line":67,"column":12}},"18":{"start":{"line":69,"column":6},"end":{"line":86,"column":8}},"19":{"start":{"line":78,"column":20},"end":{"line":82,"column":11}},"20":{"start":{"line":87,"column":6},"end":{"line":87,"column":12}},"21":{"start":{"line":89,"column":6},"end":{"line":96,"column":8}},"22":{"start":{"line":97,"column":6},"end":{"line":97,"column":12}},"23":{"start":{"line":99,"column":6},"end":{"line":101,"column":8}},"24":{"start":{"line":102,"column":6},"end":{"line":102,"column":12}},"25":{"start":{"line":104,"column":6},"end":{"line":106,"column":8}},"26":{"start":{"line":107,"column":6},"end":{"line":107,"column":12}},"27":{"start":{"line":109,"column":6},"end":{"line":116,"column":8}},"28":{"start":{"line":117,"column":6},"end":{"line":117,"column":12}},"29":{"start":{"line":119,"column":6},"end":{"line":121,"column":8}},"30":{"start":{"line":122,"column":6},"end":{"line":122,"column":12}},"31":{"start":{"line":124,"column":6},"end":{"line":126,"column":8}},"32":{"start":{"line":127,"column":6},"end":{"line":127,"column":12}},"33":{"start":{"line":129,"column":6},"end":{"line":141,"column":8}},"34":{"start":{"line":142,"column":6},"end":{"line":142,"column":12}},"35":{"start":{"line":144,"column":6},"end":{"line":147,"column":8}},"36":{"start":{"line":148,"column":6},"end":{"line":148,"column":12}},"37":{"start":{"line":150,"column":6},"end":{"line":153,"column":8}},"38":{"start":{"line":154,"column":6},"end":{"line":154,"column":12}},"39":{"start":{"line":156,"column":6},"end":{"line":160,"column":8}},"40":{"start":{"line":161,"column":6},"end":{"line":161,"column":12}},"41":{"start":{"line":163,"column":6},"end":{"line":168,"column":8}},"42":{"start":{"line":169,"column":6},"end":{"line":169,"column":12}},"43":{"start":{"line":171,"column":6},"end":{"line":181,"column":8}},"44":{"start":{"line":182,"column":6},"end":{"line":182,"column":12}},"45":{"start":{"line":184,"column":6},"end":{"line":191,"column":8}},"46":{"start":{"line":192,"column":6},"end":{"line":192,"column":12}},"47":{"start":{"line":194,"column":6},"end":{"line":200,"column":8}},"48":{"start":{"line":201,"column":6},"end":{"line":201,"column":12}},"49":{"start":{"line":203,"column":6},"end":{"line":209,"column":8}},"50":{"start":{"line":210,"column":6},"end":{"line":210,"column":12}},"51":{"start":{"line":212,"column":6},"end":{"line":218,"column":8}},"52":{"start":{"line":219,"column":6},"end":{"line":219,"column":12}},"53":{"start":{"line":221,"column":6},"end":{"line":227,"column":8}},"54":{"start":{"line":228,"column":6},"end":{"line":228,"column":12}},"55":{"start":{"line":230,"column":6},"end":{"line":233,"column":8}},"56":{"start":{"line":234,"column":6},"end":{"line":234,"column":12}},"57":{"start":{"line":236,"column":6},"end":{"line":239,"column":8}},"58":{"start":{"line":240,"column":6},"end":{"line":240,"column":12}},"59":{"start":{"line":242,"column":6},"end":{"line":242,"column":51}},"60":{"start":{"line":244,"column":2},"end":{"line":244,"column":14}},"61":{"start":{"line":251,"column":20},"end":{"line":251,"column":28}},"62":{"start":{"line":255,"column":42},"end":{"line":277,"column":7}},"63":{"start":{"line":256,"column":25},"end":{"line":256,"column":56}},"64":{"start":{"line":266,"column":14},"end":{"line":266,"column":21}},"65":{"start":{"line":268,"column":10},"end":{"line":275,"column":11}},"66":{"start":{"line":279,"column":4},"end":{"line":279,"column":25}},"67":{"start":{"line":281,"column":2},"end":{"line":281,"column":16}},"68":{"start":{"line":285,"column":43},"end":{"line":285,"column":64}},"69":{"start":{"line":286,"column":17},"end":{"line":286,"column":39}},"70":{"start":{"line":290,"column":4},"end":{"line":295,"column":5}},"71":{"start":{"line":291,"column":40},"end":{"line":291,"column":61}},"72":{"start":{"line":292,"column":6},"end":{"line":292,"column":31}},"73":{"start":{"line":293,"column":6},"end":{"line":293,"column":35}},"74":{"start":{"line":294,"column":6},"end":{"line":294,"column":19}},"75":{"start":{"line":297,"column":38},"end":{"line":297,"column":58}},"76":{"start":{"line":298,"column":4},"end":{"line":298,"column":33}},"77":{"start":{"line":300,"column":4},"end":{"line":300,"column":17}},"78":{"start":{"line":303,"column":2},"end":{"line":303,"column":28}},"79":{"start":{"line":308,"column":65},"end":{"line":308,"column":93}},"80":{"start":{"line":309,"column":66},"end":{"line":310,"column":48}},"81":{"start":{"line":310,"column":23},"end":{"line":310,"column":46}},"82":{"start":{"line":311,"column":2},"end":{"line":311,"column":49}},"83":{"start":{"line":313,"column":29},"end":{"line":313,"column":38}},"84":{"start":{"line":314,"column":32},"end":{"line":314,"column":41}},"85":{"start":{"line":315,"column":2},"end":{"line":320,"column":3}},"86":{"start":{"line":316,"column":4},"end":{"line":316,"column":44}},"87":{"start":{"line":317,"column":4},"end":{"line":319,"column":5}},"88":{"start":{"line":318,"column":6},"end":{"line":318,"column":35}},"89":{"start":{"line":321,"column":37},"end":{"line":321,"column":65}},"90":{"start":{"line":322,"column":41},"end":{"line":322,"column":82}},"91":{"start":{"line":326,"column":4},"end":{"line":339,"column":7}},"92":{"start":{"line":329,"column":10},"end":{"line":337,"column":11}},"93":{"start":{"line":335,"column":24},"end":{"line":335,"column":52}},"94":{"start":{"line":341,"column":2},"end":{"line":341,"column":43}},"95":{"start":{"line":343,"column":2},"end":{"line":343,"column":21}}},"fnMap":{"0":{"name":"loadRawLine","decl":{"start":{"line":10,"column":9},"end":{"line":10,"column":20}},"loc":{"start":{"line":10,"column":52},"end":{"line":28,"column":1}},"line":10},"1":{"name":"loadRaw","decl":{"start":{"line":30,"column":16},"end":{"line":30,"column":23}},"loc":{"start":{"line":30,"column":57},"end":{"line":39,"column":1}},"line":30},"2":{"name":"parseLuadata","decl":{"start":{"line":41,"column":9},"end":{"line":41,"column":21}},"loc":{"start":{"line":41,"column":64},"end":{"line":245,"column":1}},"line":41},"3":{"name":"(anonymous_3)","decl":{"start":{"line":78,"column":10},"end":{"line":78,"column":11}},"loc":{"start":{"line":78,"column":20},"end":{"line":82,"column":11}},"line":78},"4":{"name":"createParser","decl":{"start":{"line":250,"column":16},"end":{"line":250,"column":28}},"loc":{"start":{"line":250,"column":73},"end":{"line":282,"column":1}},"line":250},"5":{"name":"filter","decl":{"start":{"line":253,"column":11},"end":{"line":253,"column":17}},"loc":{"start":{"line":253,"column":63},"end":{"line":280,"column":3}},"line":253},"6":{"name":"(anonymous_6)","decl":{"start":{"line":256,"column":14},"end":{"line":256,"column":15}},"loc":{"start":{"line":256,"column":25},"end":{"line":256,"column":56}},"line":256},"7":{"name":"(anonymous_7)","decl":{"start":{"line":258,"column":8},"end":{"line":258,"column":9}},"loc":{"start":{"line":258,"column":19},"end":{"line":276,"column":9}},"line":258},"8":{"name":"createParserWithLruCache","decl":{"start":{"line":284,"column":16},"end":{"line":284,"column":40}},"loc":{"start":{"line":284,"column":98},"end":{"line":304,"column":1}},"line":284},"9":{"name":"filterWithLruCache","decl":{"start":{"line":288,"column":11},"end":{"line":288,"column":29}},"loc":{"start":{"line":288,"column":75},"end":{"line":301,"column":3}},"line":288},"10":{"name":"getGameBasePlayers","decl":{"start":{"line":307,"column":22},"end":{"line":307,"column":40}},"loc":{"start":{"line":307,"column":96},"end":{"line":344,"column":1}},"line":307},"11":{"name":"(anonymous_11)","decl":{"start":{"line":310,"column":12},"end":{"line":310,"column":13}},"loc":{"start":{"line":310,"column":23},"end":{"line":310,"column":46}},"line":310},"12":{"name":"(anonymous_12)","decl":{"start":{"line":328,"column":8},"end":{"line":328,"column":9}},"loc":{"start":{"line":329,"column":10},"end":{"line":337,"column":11}},"line":329},"13":{"name":"(anonymous_13)","decl":{"start":{"line":335,"column":14},"end":{"line":335,"column":15}},"loc":{"start":{"line":335,"column":24},"end":{"line":335,"column":52}},"line":335}},"branchMap":{"0":{"loc":{"start":{"line":49,"column":2},"end":{"line":243,"column":3}},"type":"switch","locations":[{"start":{"line":50,"column":4},"end":{"line":57,"column":12}},{"start":{"line":58,"column":4},"end":{"line":62,"column":12}},{"start":{"line":63,"column":4},"end":{"line":67,"column":12}},{"start":{"line":68,"column":4},"end":{"line":87,"column":12}},{"start":{"line":88,"column":4},"end":{"line":97,"column":12}},{"start":{"line":98,"column":4},"end":{"line":102,"column":12}},{"start":{"line":103,"column":4},"end":{"line":107,"column":12}},{"start":{"line":108,"column":4},"end":{"line":117,"column":12}},{"start":{"line":118,"column":4},"end":{"line":122,"column":12}},{"start":{"line":123,"column":4},"end":{"line":127,"column":12}},{"start":{"line":128,"column":4},"end":{"line":142,"column":12}},{"start":{"line":143,"column":4},"end":{"line":148,"column":12}},{"start":{"line":149,"column":4},"end":{"line":154,"column":12}},{"start":{"line":155,"column":4},"end":{"line":161,"column":12}},{"start":{"line":162,"column":4},"end":{"line":169,"column":12}},{"start":{"line":170,"column":4},"end":{"line":182,"column":12}},{"start":{"line":183,"column":4},"end":{"line":192,"column":12}},{"start":{"line":193,"column":4},"end":{"line":201,"column":12}},{"start":{"line":202,"column":4},"end":{"line":210,"column":12}},{"start":{"line":211,"column":4},"end":{"line":219,"column":12}},{"start":{"line":220,"column":4},"end":{"line":228,"column":12}},{"start":{"line":229,"column":4},"end":{"line":234,"column":12}},{"start":{"line":235,"column":4},"end":{"line":240,"column":12}},{"start":{"line":241,"column":4},"end":{"line":242,"column":51}}],"line":49},"1":{"loc":{"start":{"line":85,"column":11},"end":{"line":85,"column":50}},"type":"cond-expr","locations":[{"start":{"line":85,"column":33},"end":{"line":85,"column":43}},{"start":{"line":85,"column":46},"end":{"line":85,"column":50}}],"line":85},"2":{"loc":{"start":{"line":290,"column":4},"end":{"line":295,"column":5}},"type":"if","locations":[{"start":{"line":290,"column":4},"end":{"line":295,"column":5}},{"start":{},"end":{}}],"line":290}},"s":{"0":5,"1":5,"2":5,"3":4,"4":4,"5":4,"6":5,"7":5,"8":4,"9":3,"10":3,"11":3,"12":0,"13":0,"14":0,"15":0,"16":0,"17":0,"18":1,"19":12,"20":1,"21":0,"22":0,"23":0,"24":0,"25":0,"26":0,"27":0,"28":0,"29":0,"30":0,"31":0,"32":0,"33":0,"34":0,"35":0,"36":0,"37":0,"38":0,"39":0,"40":0,"41":0,"42":0,"43":2,"44":2,"45":0,"46":0,"47":0,"48":0,"49":0,"50":0,"51":0,"52":0,"53":0,"54":0,"55":0,"56":0,"57":0,"58":0,"59":0,"60":3,"61":3,"62":3,"63":4,"64":3,"65":3,"66":3,"67":3,"68":2,"69":2,"70":2,"71":0,"72":0,"73":0,"74":0,"75":2,"76":2,"77":2,"78":2,"79":1,"80":1,"81":1,"82":1,"83":1,"84":1,"85":1,"86":1,"87":1,"88":12,"89":1,"90":1,"91":1,"92":1,"93":12,"94":1,"95":1},"f":{"0":5,"1":4,"2":3,"3":12,"4":3,"5":3,"6":4,"7":3,"8":2,"9":2,"10":1,"11":1,"12":1,"13":12},"b":{"0":[0,0,0,1,0,0,0,0,0,0,0,0,0,0,0,2,0,0,0,0,0,0,0,0],"1":[1,0],"2":[0,2]},"_coverageSchema":"1a1c01bbd47fc00a2c39e90264f33305004495a9","hash":"6afb452ab61ff056772771b49307e035df11a17e"}
,"D:\\MyCode\\jcl-loader\\src\\server\\typed.ts": {"path":"D:\\MyCode\\jcl-loader\\src\\server\\typed.ts","statementMap":{},"fnMap":{},"branchMap":{},"s":{},"f":{},"b":{},"_coverageSchema":"1a1c01bbd47fc00a2c39e90264f33305004495a9","hash":"33a427ee90f20264b46b23a8c41f1c25b05436d3"}
,"D:\\MyCode\\jcl-loader\\src\\server\\utils.ts": {"path":"D:\\MyCode\\jcl-loader\\src\\server\\utils.ts","statementMap":{},"fnMap":{},"branchMap":{},"s":{},"f":{},"b":{}}
}
