TN:
SF:src\server\errors.ts
FN:6,(anonymous_0)
FNF:1
FNH:0
FNDA:0,(anonymous_0)
DA:7,0
DA:8,0
DA:9,0
DA:10,0
LF:4
LH:0
BRF:0
BRH:0
end_of_record
TN:
SF:src\server\index.ts
FN:7,(anonymous_0)
FN:11,(anonymous_1)
FN:13,(anonymous_2)
FN:23,(anonymous_3)
FN:32,(anonymous_4)
FN:41,(anonymous_5)
FN:50,(anonymous_6)
FN:59,(anonymous_7)
FN:68,(anonymous_8)
FN:77,(anonymous_9)
FN:86,(anonymous_10)
FN:95,(anonymous_11)
FN:104,(anonymous_12)
FN:113,(anonymous_13)
FN:122,(anonymous_14)
FN:131,(anonymous_15)
FN:140,(anonymous_16)
FN:149,(anonymous_17)
FN:158,(anonymous_18)
FN:167,(anonymous_19)
FN:176,(anonymous_20)
FN:185,(anonymous_21)
FN:194,(anonymous_22)
FN:203,(anonymous_23)
FN:212,(anonymous_24)
FNF:25
FNH:4
FNDA:1,(anonymous_0)
FNDA:1,(anonymous_1)
FNDA:46,(anonymous_2)
FNDA:1,(anonymous_3)
FNDA:0,(anonymous_4)
FNDA:0,(anonymous_5)
FNDA:0,(anonymous_6)
FNDA:0,(anonymous_7)
FNDA:0,(anonymous_8)
FNDA:0,(anonymous_9)
FNDA:0,(anonymous_10)
FNDA:0,(anonymous_11)
FNDA:0,(anonymous_12)
FNDA:0,(anonymous_13)
FNDA:0,(anonymous_14)
FNDA:0,(anonymous_15)
FNDA:0,(anonymous_16)
FNDA:0,(anonymous_17)
FNDA:0,(anonymous_18)
FNDA:0,(anonymous_19)
FNDA:0,(anonymous_20)
FNDA:0,(anonymous_21)
FNDA:0,(anonymous_22)
FNDA:0,(anonymous_23)
FNDA:0,(anonymous_24)
DA:8,1
DA:12,1
DA:13,46
DA:15,1
DA:16,1
DA:18,0
DA:20,1
DA:28,1
DA:29,1
DA:37,0
DA:38,0
DA:46,0
DA:47,0
DA:55,0
DA:56,0
DA:64,0
DA:65,0
DA:73,0
DA:74,0
DA:82,0
DA:83,0
DA:91,0
DA:92,0
DA:100,0
DA:101,0
DA:109,0
DA:110,0
DA:118,0
DA:119,0
DA:127,0
DA:128,0
DA:136,0
DA:137,0
DA:145,0
DA:146,0
DA:154,0
DA:155,0
DA:163,0
DA:164,0
DA:172,0
DA:173,0
DA:181,0
DA:182,0
DA:190,0
DA:191,0
DA:199,0
DA:200,0
DA:208,0
DA:209,0
DA:217,0
DA:218,0
LF:51
LH:8
BRDA:11,0,0,1
BRDA:15,1,0,1
BRDA:15,1,1,0
BRF:3
BRH:2
end_of_record
TN:
SF:src\server\typed.ts
FNF:0
FNH:0
LF:0
LH:0
BRF:0
BRH:0
end_of_record
TN:
SF:src\server\core\index.ts
FNF:0
FNH:0
LF:0
LH:0
BRF:0
BRH:0
end_of_record
TN:
SF:src\server\core\loader.ts
FN:4,loadRawLine
FN:24,loadRaw
FNF:2
FNH:2
FNDA:3508,loadRawLine
FNDA:4,loadRaw
DA:12,3508
DA:13,3508
DA:21,3508
DA:25,4
DA:27,4
DA:28,4
DA:29,3508
DA:30,3508
DA:32,4
LF:9
LH:9
BRF:0
BRH:0
end_of_record
TN:
SF:src\server\core\parser.ts
FN:7,parseLuadata
FN:45,(anonymous_1)
FN:216,createParser
FN:219,filter
FN:222,(anonymous_4)
FN:224,(anonymous_5)
FN:250,createParserWithLruCache
FN:254,filterWithLruCache
FNF:8
FNH:7
FNDA:6,parseLuadata
FNDA:0,(anonymous_1)
FNDA:3,createParser
FNDA:3,filter
FNDA:3507,(anonymous_4)
FNDA:6,(anonymous_5)
FNDA:2,createParserWithLruCache
FNDA:2,filterWithLruCache
DA:9,6
DA:14,6
DA:15,6
DA:17,0
DA:23,0
DA:25,4
DA:28,4
DA:30,0
DA:33,0
DA:35,0
DA:45,0
DA:54,0
DA:56,0
DA:64,0
DA:66,0
DA:69,0
DA:71,0
DA:74,0
DA:76,0
DA:84,0
DA:86,0
DA:89,0
DA:91,0
DA:94,0
DA:96,0
DA:109,0
DA:111,0
DA:115,0
DA:117,0
DA:121,0
DA:123,0
DA:128,0
DA:130,0
DA:136,0
DA:138,2
DA:149,2
DA:151,0
DA:159,0
DA:161,0
DA:168,0
DA:170,0
DA:177,0
DA:179,0
DA:186,0
DA:188,0
DA:195,0
DA:197,0
DA:201,0
DA:203,0
DA:207,0
DA:209,0
DA:211,6
DA:217,3
DA:221,3
DA:222,3507
DA:232,6
DA:234,6
DA:245,3
DA:247,3
DA:251,2
DA:252,2
DA:256,2
DA:257,0
DA:258,0
DA:259,0
DA:260,0
DA:263,2
DA:264,2
DA:266,2
DA:269,2
LF:70
LH:22
BRDA:15,0,0,0
BRDA:15,0,1,4
BRDA:15,0,2,0
BRDA:15,0,3,0
BRDA:15,0,4,0
BRDA:15,0,5,0
BRDA:15,0,6,0
BRDA:15,0,7,0
BRDA:15,0,8,0
BRDA:15,0,9,0
BRDA:15,0,10,0
BRDA:15,0,11,0
BRDA:15,0,12,0
BRDA:15,0,13,0
BRDA:15,0,14,0
BRDA:15,0,15,2
BRDA:15,0,16,0
BRDA:15,0,17,0
BRDA:15,0,18,0
BRDA:15,0,19,0
BRDA:15,0,20,0
BRDA:15,0,21,0
BRDA:15,0,22,0
BRDA:15,0,23,0
BRDA:42,1,0,0
BRDA:42,1,1,0
BRDA:51,2,0,0
BRDA:51,2,1,0
BRDA:52,3,0,0
BRDA:52,3,1,0
BRDA:256,4,0,0
BRDA:256,4,1,2
BRF:32
BRH:3
end_of_record
