TN:
SF:src\client\errors.ts
FN:6,(anonymous_0)
FNF:1
FNH:0
FNDA:0,(anonymous_0)
DA:7,0
DA:8,0
DA:9,0
DA:10,0
LF:4
LH:0
BRF:0
BRH:0
end_of_record
TN:
SF:src\client\index.ts
FN:10,loadRawLine
FN:30,loadRaw
FN:41,parseLuadata
FN:78,(anonymous_3)
FN:250,createParser
FN:253,filter
FN:256,(anonymous_6)
FN:258,(anonymous_7)
FN:284,createParserWithLruCache
FN:288,filterWithLruCache
FN:307,getGameBasePlayers
FN:310,(anonymous_11)
FN:328,(anonymous_12)
FN:335,(anonymous_13)
FNF:14
FNH:14
FNDA:5,loadRawLine
FNDA:4,loadRaw
FNDA:3,parseLuadata
FNDA:12,(anonymous_3)
FNDA:3,createParser
FNDA:3,filter
FNDA:4,(anonymous_6)
FNDA:3,(anonymous_7)
FNDA:2,createParserWithLruCache
FNDA:2,filterWithLruCache
FNDA:1,getGameBasePlayers
FNDA:1,(anonymous_11)
FNDA:1,(anonymous_12)
FNDA:12,(anonymous_13)
DA:18,5
DA:19,5
DA:27,5
DA:31,4
DA:33,4
DA:34,4
DA:35,5
DA:36,5
DA:38,4
DA:43,3
DA:48,3
DA:49,3
DA:51,0
DA:57,0
DA:59,0
DA:62,0
DA:64,0
DA:67,0
DA:69,1
DA:78,12
DA:87,1
DA:89,0
DA:97,0
DA:99,0
DA:102,0
DA:104,0
DA:107,0
DA:109,0
DA:117,0
DA:119,0
DA:122,0
DA:124,0
DA:127,0
DA:129,0
DA:142,0
DA:144,0
DA:148,0
DA:150,0
DA:154,0
DA:156,0
DA:161,0
DA:163,0
DA:169,0
DA:171,2
DA:182,2
DA:184,0
DA:192,0
DA:194,0
DA:201,0
DA:203,0
DA:210,0
DA:212,0
DA:219,0
DA:221,0
DA:228,0
DA:230,0
DA:234,0
DA:236,0
DA:240,0
DA:242,0
DA:244,3
DA:251,3
DA:255,3
DA:256,4
DA:266,3
DA:268,3
DA:279,3
DA:281,3
DA:285,2
DA:286,2
DA:290,2
DA:291,0
DA:292,0
DA:293,0
DA:294,0
DA:297,2
DA:298,2
DA:300,2
DA:303,2
DA:308,1
DA:309,1
DA:310,1
DA:311,1
DA:313,1
DA:314,1
DA:315,1
DA:316,1
DA:317,1
DA:318,12
DA:321,1
DA:322,1
DA:326,1
DA:329,1
DA:335,12
DA:341,1
DA:343,1
LF:96
LH:49
BRDA:49,0,0,0
BRDA:49,0,1,0
BRDA:49,0,2,0
BRDA:49,0,3,1
BRDA:49,0,4,0
BRDA:49,0,5,0
BRDA:49,0,6,0
BRDA:49,0,7,0
BRDA:49,0,8,0
BRDA:49,0,9,0
BRDA:49,0,10,0
BRDA:49,0,11,0
BRDA:49,0,12,0
BRDA:49,0,13,0
BRDA:49,0,14,0
BRDA:49,0,15,2
BRDA:49,0,16,0
BRDA:49,0,17,0
BRDA:49,0,18,0
BRDA:49,0,19,0
BRDA:49,0,20,0
BRDA:49,0,21,0
BRDA:49,0,22,0
BRDA:49,0,23,0
BRDA:85,1,0,1
BRDA:85,1,1,0
BRDA:290,2,0,0
BRDA:290,2,1,2
BRF:28
BRH:4
end_of_record
TN:
SF:src\client\typed.ts
FNF:0
FNH:0
LF:0
LH:0
BRF:0
BRH:0
end_of_record
TN:
SF:src\client\utils.ts
FNF:0
FNH:0
LF:0
LH:0
BRF:0
BRH:0
end_of_record
TN:
SF:src\server\errors.ts
FN:6,(anonymous_0)
FNF:1
FNH:0
FNDA:0,(anonymous_0)
DA:7,0
DA:8,0
DA:9,0
DA:10,0
LF:4
LH:0
BRF:0
BRH:0
end_of_record
TN:
SF:src\server\index.ts
FN:10,loadRawLine
FN:30,loadRaw
FN:41,parseLuadata
FN:78,(anonymous_3)
FN:250,createParser
FN:253,filter
FN:256,(anonymous_6)
FN:258,(anonymous_7)
FN:284,createParserWithLruCache
FN:288,filterWithLruCache
FN:307,getGameBasePlayers
FN:310,(anonymous_11)
FN:328,(anonymous_12)
FN:335,(anonymous_13)
FNF:14
FNH:14
FNDA:5,loadRawLine
FNDA:4,loadRaw
FNDA:3,parseLuadata
FNDA:12,(anonymous_3)
FNDA:3,createParser
FNDA:3,filter
FNDA:4,(anonymous_6)
FNDA:3,(anonymous_7)
FNDA:2,createParserWithLruCache
FNDA:2,filterWithLruCache
FNDA:1,getGameBasePlayers
FNDA:1,(anonymous_11)
FNDA:1,(anonymous_12)
FNDA:12,(anonymous_13)
DA:18,5
DA:19,5
DA:27,5
DA:31,4
DA:33,4
DA:34,4
DA:35,5
DA:36,5
DA:38,4
DA:43,3
DA:48,3
DA:49,3
DA:51,0
DA:57,0
DA:59,0
DA:62,0
DA:64,0
DA:67,0
DA:69,1
DA:78,12
DA:87,1
DA:89,0
DA:97,0
DA:99,0
DA:102,0
DA:104,0
DA:107,0
DA:109,0
DA:117,0
DA:119,0
DA:122,0
DA:124,0
DA:127,0
DA:129,0
DA:142,0
DA:144,0
DA:148,0
DA:150,0
DA:154,0
DA:156,0
DA:161,0
DA:163,0
DA:169,0
DA:171,2
DA:182,2
DA:184,0
DA:192,0
DA:194,0
DA:201,0
DA:203,0
DA:210,0
DA:212,0
DA:219,0
DA:221,0
DA:228,0
DA:230,0
DA:234,0
DA:236,0
DA:240,0
DA:242,0
DA:244,3
DA:251,3
DA:255,3
DA:256,4
DA:266,3
DA:268,3
DA:279,3
DA:281,3
DA:285,2
DA:286,2
DA:290,2
DA:291,0
DA:292,0
DA:293,0
DA:294,0
DA:297,2
DA:298,2
DA:300,2
DA:303,2
DA:308,1
DA:309,1
DA:310,1
DA:311,1
DA:313,1
DA:314,1
DA:315,1
DA:316,1
DA:317,1
DA:318,12
DA:321,1
DA:322,1
DA:326,1
DA:329,1
DA:335,12
DA:341,1
DA:343,1
LF:96
LH:49
BRDA:49,0,0,0
BRDA:49,0,1,0
BRDA:49,0,2,0
BRDA:49,0,3,1
BRDA:49,0,4,0
BRDA:49,0,5,0
BRDA:49,0,6,0
BRDA:49,0,7,0
BRDA:49,0,8,0
BRDA:49,0,9,0
BRDA:49,0,10,0
BRDA:49,0,11,0
BRDA:49,0,12,0
BRDA:49,0,13,0
BRDA:49,0,14,0
BRDA:49,0,15,2
BRDA:49,0,16,0
BRDA:49,0,17,0
BRDA:49,0,18,0
BRDA:49,0,19,0
BRDA:49,0,20,0
BRDA:49,0,21,0
BRDA:49,0,22,0
BRDA:49,0,23,0
BRDA:85,1,0,1
BRDA:85,1,1,0
BRDA:290,2,0,0
BRDA:290,2,1,2
BRF:28
BRH:4
end_of_record
TN:
SF:src\server\typed.ts
FNF:0
FNH:0
LF:0
LH:0
BRF:0
BRH:0
end_of_record
TN:
SF:src\server\utils.ts
FNF:0
FNH:0
LF:0
LH:0
BRF:0
BRH:0
end_of_record
